
a3:     file format elf32-i386


Disassembly of section .init:

080482b4 <_init>:
 80482b4:	53                   	push   %ebx
 80482b5:	83 ec 08             	sub    $0x8,%esp
 80482b8:	e8 93 00 00 00       	call   8048350 <__x86.get_pc_thunk.bx>
 80482bd:	81 c3 43 1d 00 00    	add    $0x1d43,%ebx
 80482c3:	8b 83 fc ff ff ff    	mov    -0x4(%ebx),%eax
 80482c9:	85 c0                	test   %eax,%eax
 80482cb:	74 05                	je     80482d2 <_init+0x1e>
 80482cd:	e8 2e 00 00 00       	call   8048300 <__gmon_start__@plt>
 80482d2:	83 c4 08             	add    $0x8,%esp
 80482d5:	5b                   	pop    %ebx
 80482d6:	c3                   	ret    

Disassembly of section .plt:

080482e0 <printf@plt-0x10>:
 80482e0:	ff 35 04 a0 04 08    	pushl  0x804a004
 80482e6:	ff 25 08 a0 04 08    	jmp    *0x804a008
 80482ec:	00 00                	add    %al,(%eax)
	...

080482f0 <printf@plt>:
 80482f0:	ff 25 0c a0 04 08    	jmp    *0x804a00c
 80482f6:	68 00 00 00 00       	push   $0x0
 80482fb:	e9 e0 ff ff ff       	jmp    80482e0 <_init+0x2c>

08048300 <__gmon_start__@plt>:
 8048300:	ff 25 10 a0 04 08    	jmp    *0x804a010
 8048306:	68 08 00 00 00       	push   $0x8
 804830b:	e9 d0 ff ff ff       	jmp    80482e0 <_init+0x2c>

08048310 <__libc_start_main@plt>:
 8048310:	ff 25 14 a0 04 08    	jmp    *0x804a014
 8048316:	68 10 00 00 00       	push   $0x10
 804831b:	e9 c0 ff ff ff       	jmp    80482e0 <_init+0x2c>

Disassembly of section .text:

08048320 <_start>:
 8048320:	31 ed                	xor    %ebp,%ebp
 8048322:	5e                   	pop    %esi
 8048323:	89 e1                	mov    %esp,%ecx
 8048325:	83 e4 f0             	and    $0xfffffff0,%esp
 8048328:	50                   	push   %eax
 8048329:	54                   	push   %esp
 804832a:	52                   	push   %edx
 804832b:	68 d0 84 04 08       	push   $0x80484d0
 8048330:	68 60 84 04 08       	push   $0x8048460
 8048335:	51                   	push   %ecx
 8048336:	56                   	push   %esi
 8048337:	68 20 84 04 08       	push   $0x8048420
 804833c:	e8 cf ff ff ff       	call   8048310 <__libc_start_main@plt>
 8048341:	f4                   	hlt    
 8048342:	66 90                	xchg   %ax,%ax
 8048344:	66 90                	xchg   %ax,%ax
 8048346:	66 90                	xchg   %ax,%ax
 8048348:	66 90                	xchg   %ax,%ax
 804834a:	66 90                	xchg   %ax,%ax
 804834c:	66 90                	xchg   %ax,%ax
 804834e:	66 90                	xchg   %ax,%ax

08048350 <__x86.get_pc_thunk.bx>:
 8048350:	8b 1c 24             	mov    (%esp),%ebx
 8048353:	c3                   	ret    
 8048354:	66 90                	xchg   %ax,%ax
 8048356:	66 90                	xchg   %ax,%ax
 8048358:	66 90                	xchg   %ax,%ax
 804835a:	66 90                	xchg   %ax,%ax
 804835c:	66 90                	xchg   %ax,%ax
 804835e:	66 90                	xchg   %ax,%ax

08048360 <deregister_tm_clones>:
 8048360:	b8 37 a0 04 08       	mov    $0x804a037,%eax
 8048365:	2d 34 a0 04 08       	sub    $0x804a034,%eax
 804836a:	83 f8 06             	cmp    $0x6,%eax
 804836d:	77 01                	ja     8048370 <deregister_tm_clones+0x10>
 804836f:	c3                   	ret    
 8048370:	b8 00 00 00 00       	mov    $0x0,%eax
 8048375:	85 c0                	test   %eax,%eax
 8048377:	74 f6                	je     804836f <deregister_tm_clones+0xf>
 8048379:	55                   	push   %ebp
 804837a:	89 e5                	mov    %esp,%ebp
 804837c:	83 ec 18             	sub    $0x18,%esp
 804837f:	c7 04 24 34 a0 04 08 	movl   $0x804a034,(%esp)
 8048386:	ff d0                	call   *%eax
 8048388:	c9                   	leave  
 8048389:	c3                   	ret    
 804838a:	8d b6 00 00 00 00    	lea    0x0(%esi),%esi

08048390 <register_tm_clones>:
 8048390:	b8 34 a0 04 08       	mov    $0x804a034,%eax
 8048395:	2d 34 a0 04 08       	sub    $0x804a034,%eax
 804839a:	c1 f8 02             	sar    $0x2,%eax
 804839d:	89 c2                	mov    %eax,%edx
 804839f:	c1 ea 1f             	shr    $0x1f,%edx
 80483a2:	01 d0                	add    %edx,%eax
 80483a4:	d1 f8                	sar    %eax
 80483a6:	75 01                	jne    80483a9 <register_tm_clones+0x19>
 80483a8:	c3                   	ret    
 80483a9:	ba 00 00 00 00       	mov    $0x0,%edx
 80483ae:	85 d2                	test   %edx,%edx
 80483b0:	74 f6                	je     80483a8 <register_tm_clones+0x18>
 80483b2:	55                   	push   %ebp
 80483b3:	89 e5                	mov    %esp,%ebp
 80483b5:	83 ec 18             	sub    $0x18,%esp
 80483b8:	89 44 24 04          	mov    %eax,0x4(%esp)
 80483bc:	c7 04 24 34 a0 04 08 	movl   $0x804a034,(%esp)
 80483c3:	ff d2                	call   *%edx
 80483c5:	c9                   	leave  
 80483c6:	c3                   	ret    
 80483c7:	89 f6                	mov    %esi,%esi
 80483c9:	8d bc 27 00 00 00 00 	lea    0x0(%edi,%eiz,1),%edi

080483d0 <__do_global_dtors_aux>:
 80483d0:	80 3d 34 a0 04 08 00 	cmpb   $0x0,0x804a034
 80483d7:	75 13                	jne    80483ec <__do_global_dtors_aux+0x1c>
 80483d9:	55                   	push   %ebp
 80483da:	89 e5                	mov    %esp,%ebp
 80483dc:	83 ec 08             	sub    $0x8,%esp
 80483df:	e8 7c ff ff ff       	call   8048360 <deregister_tm_clones>
 80483e4:	c6 05 34 a0 04 08 01 	movb   $0x1,0x804a034
 80483eb:	c9                   	leave  
 80483ec:	f3 c3                	repz ret 
 80483ee:	66 90                	xchg   %ax,%ax

080483f0 <frame_dummy>:
 80483f0:	a1 10 9f 04 08       	mov    0x8049f10,%eax
 80483f5:	85 c0                	test   %eax,%eax
 80483f7:	74 1f                	je     8048418 <frame_dummy+0x28>
 80483f9:	b8 00 00 00 00       	mov    $0x0,%eax
 80483fe:	85 c0                	test   %eax,%eax
 8048400:	74 16                	je     8048418 <frame_dummy+0x28>
 8048402:	55                   	push   %ebp
 8048403:	89 e5                	mov    %esp,%ebp
 8048405:	83 ec 18             	sub    $0x18,%esp
 8048408:	c7 04 24 10 9f 04 08 	movl   $0x8049f10,(%esp)
 804840f:	ff d0                	call   *%eax
 8048411:	c9                   	leave  
 8048412:	e9 79 ff ff ff       	jmp    8048390 <register_tm_clones>
 8048417:	90                   	nop
 8048418:	e9 73 ff ff ff       	jmp    8048390 <register_tm_clones>
 804841d:	66 90                	xchg   %ax,%ax
 804841f:	90                   	nop

08048420 <main>:
 8048420:	b8 23 01 00 00       	mov    $0x123,%eax
 8048425:	bb 56 04 00 00       	mov    $0x456,%ebx
 804842a:	b9 89 07 00 00       	mov    $0x789,%ecx
 804842f:	ba 23 01 00 00       	mov    $0x123,%edx
 8048434:	01 d8                	add    %ebx,%eax
 8048436:	01 d1                	add    %edx,%ecx
 8048438:	29 c8                	sub    %ecx,%eax
 804843a:	50                   	push   %eax
 804843b:	68 20 a0 04 08       	push   $0x804a020
 8048440:	e8 ab fe ff ff       	call   80482f0 <printf@plt>
 8048445:	83 c4 08             	add    $0x8,%esp
 8048448:	c3                   	ret    
 8048449:	bb 00 00 00 00       	mov    $0x0,%ebx
 804844e:	b8 01 00 00 00       	mov    $0x1,%eax
 8048453:	cd 80                	int    $0x80
 8048455:	66 90                	xchg   %ax,%ax
 8048457:	66 90                	xchg   %ax,%ax
 8048459:	66 90                	xchg   %ax,%ax
 804845b:	66 90                	xchg   %ax,%ax
 804845d:	66 90                	xchg   %ax,%ax
 804845f:	90                   	nop

08048460 <__libc_csu_init>:
 8048460:	55                   	push   %ebp
 8048461:	57                   	push   %edi
 8048462:	31 ff                	xor    %edi,%edi
 8048464:	56                   	push   %esi
 8048465:	53                   	push   %ebx
 8048466:	e8 e5 fe ff ff       	call   8048350 <__x86.get_pc_thunk.bx>
 804846b:	81 c3 95 1b 00 00    	add    $0x1b95,%ebx
 8048471:	83 ec 1c             	sub    $0x1c,%esp
 8048474:	8b 6c 24 30          	mov    0x30(%esp),%ebp
 8048478:	8d b3 0c ff ff ff    	lea    -0xf4(%ebx),%esi
 804847e:	e8 31 fe ff ff       	call   80482b4 <_init>
 8048483:	8d 83 08 ff ff ff    	lea    -0xf8(%ebx),%eax
 8048489:	29 c6                	sub    %eax,%esi
 804848b:	c1 fe 02             	sar    $0x2,%esi
 804848e:	85 f6                	test   %esi,%esi
 8048490:	74 27                	je     80484b9 <__libc_csu_init+0x59>
 8048492:	8d b6 00 00 00 00    	lea    0x0(%esi),%esi
 8048498:	8b 44 24 38          	mov    0x38(%esp),%eax
 804849c:	89 2c 24             	mov    %ebp,(%esp)
 804849f:	89 44 24 08          	mov    %eax,0x8(%esp)
 80484a3:	8b 44 24 34          	mov    0x34(%esp),%eax
 80484a7:	89 44 24 04          	mov    %eax,0x4(%esp)
 80484ab:	ff 94 bb 08 ff ff ff 	call   *-0xf8(%ebx,%edi,4)
 80484b2:	83 c7 01             	add    $0x1,%edi
 80484b5:	39 f7                	cmp    %esi,%edi
 80484b7:	75 df                	jne    8048498 <__libc_csu_init+0x38>
 80484b9:	83 c4 1c             	add    $0x1c,%esp
 80484bc:	5b                   	pop    %ebx
 80484bd:	5e                   	pop    %esi
 80484be:	5f                   	pop    %edi
 80484bf:	5d                   	pop    %ebp
 80484c0:	c3                   	ret    
 80484c1:	eb 0d                	jmp    80484d0 <__libc_csu_fini>
 80484c3:	90                   	nop
 80484c4:	90                   	nop
 80484c5:	90                   	nop
 80484c6:	90                   	nop
 80484c7:	90                   	nop
 80484c8:	90                   	nop
 80484c9:	90                   	nop
 80484ca:	90                   	nop
 80484cb:	90                   	nop
 80484cc:	90                   	nop
 80484cd:	90                   	nop
 80484ce:	90                   	nop
 80484cf:	90                   	nop

080484d0 <__libc_csu_fini>:
 80484d0:	f3 c3                	repz ret 

Disassembly of section .fini:

080484d4 <_fini>:
 80484d4:	53                   	push   %ebx
 80484d5:	83 ec 08             	sub    $0x8,%esp
 80484d8:	e8 73 fe ff ff       	call   8048350 <__x86.get_pc_thunk.bx>
 80484dd:	81 c3 23 1b 00 00    	add    $0x1b23,%ebx
 80484e3:	83 c4 08             	add    $0x8,%esp
 80484e6:	5b                   	pop    %ebx
 80484e7:	c3                   	ret    
