
a5:     file format elf32-i386


Disassembly of section .init:

0804856c <_init>:
 804856c:	53                   	push   %ebx
 804856d:	83 ec 08             	sub    $0x8,%esp
 8048570:	e8 fb 00 00 00       	call   8048670 <__x86.get_pc_thunk.bx>
 8048575:	81 c3 8b 1a 00 00    	add    $0x1a8b,%ebx
 804857b:	8b 83 fc ff ff ff    	mov    -0x4(%ebx),%eax
 8048581:	85 c0                	test   %eax,%eax
 8048583:	74 05                	je     804858a <_init+0x1e>
 8048585:	e8 36 00 00 00       	call   80485c0 <__gmon_start__@plt>
 804858a:	83 c4 08             	add    $0x8,%esp
 804858d:	5b                   	pop    %ebx
 804858e:	c3                   	ret    

Disassembly of section .plt:

08048590 <_ZNSolsEi@plt-0x10>:
 8048590:	ff 35 04 a0 04 08    	pushl  0x804a004
 8048596:	ff 25 08 a0 04 08    	jmp    *0x804a008
 804859c:	00 00                	add    %al,(%eax)
	...

080485a0 <_ZNSolsEi@plt>:
 80485a0:	ff 25 0c a0 04 08    	jmp    *0x804a00c
 80485a6:	68 00 00 00 00       	push   $0x0
 80485ab:	e9 e0 ff ff ff       	jmp    8048590 <_init+0x24>

080485b0 <__cxa_atexit@plt>:
 80485b0:	ff 25 10 a0 04 08    	jmp    *0x804a010
 80485b6:	68 08 00 00 00       	push   $0x8
 80485bb:	e9 d0 ff ff ff       	jmp    8048590 <_init+0x24>

080485c0 <__gmon_start__@plt>:
 80485c0:	ff 25 14 a0 04 08    	jmp    *0x804a014
 80485c6:	68 10 00 00 00       	push   $0x10
 80485cb:	e9 c0 ff ff ff       	jmp    8048590 <_init+0x24>

080485d0 <_ZNSt8ios_base4InitC1Ev@plt>:
 80485d0:	ff 25 18 a0 04 08    	jmp    *0x804a018
 80485d6:	68 18 00 00 00       	push   $0x18
 80485db:	e9 b0 ff ff ff       	jmp    8048590 <_init+0x24>

080485e0 <__libc_start_main@plt>:
 80485e0:	ff 25 1c a0 04 08    	jmp    *0x804a01c
 80485e6:	68 20 00 00 00       	push   $0x20
 80485eb:	e9 a0 ff ff ff       	jmp    8048590 <_init+0x24>

080485f0 <_ZNSt8ios_base4InitD1Ev@plt>:
 80485f0:	ff 25 20 a0 04 08    	jmp    *0x804a020
 80485f6:	68 28 00 00 00       	push   $0x28
 80485fb:	e9 90 ff ff ff       	jmp    8048590 <_init+0x24>

08048600 <_ZStlsISt11char_traitsIcEERSt13basic_ostreamIcT_ES5_PKc@plt>:
 8048600:	ff 25 24 a0 04 08    	jmp    *0x804a024
 8048606:	68 30 00 00 00       	push   $0x30
 804860b:	e9 80 ff ff ff       	jmp    8048590 <_init+0x24>

08048610 <_ZNSirsERi@plt>:
 8048610:	ff 25 28 a0 04 08    	jmp    *0x804a028
 8048616:	68 38 00 00 00       	push   $0x38
 804861b:	e9 70 ff ff ff       	jmp    8048590 <_init+0x24>

08048620 <_ZNSolsEPFRSoS_E@plt>:
 8048620:	ff 25 2c a0 04 08    	jmp    *0x804a02c
 8048626:	68 40 00 00 00       	push   $0x40
 804862b:	e9 60 ff ff ff       	jmp    8048590 <_init+0x24>

08048630 <_ZSt4endlIcSt11char_traitsIcEERSt13basic_ostreamIT_T0_ES6_@plt>:
 8048630:	ff 25 30 a0 04 08    	jmp    *0x804a030
 8048636:	68 48 00 00 00       	push   $0x48
 804863b:	e9 50 ff ff ff       	jmp    8048590 <_init+0x24>

Disassembly of section .text:

08048640 <_start>:
 8048640:	31 ed                	xor    %ebp,%ebp
 8048642:	5e                   	pop    %esi
 8048643:	89 e1                	mov    %esp,%ecx
 8048645:	83 e4 f0             	and    $0xfffffff0,%esp
 8048648:	50                   	push   %eax
 8048649:	54                   	push   %esp
 804864a:	52                   	push   %edx
 804864b:	68 10 89 04 08       	push   $0x8048910
 8048650:	68 a0 88 04 08       	push   $0x80488a0
 8048655:	51                   	push   %ecx
 8048656:	56                   	push   %esi
 8048657:	68 3d 87 04 08       	push   $0x804873d
 804865c:	e8 7f ff ff ff       	call   80485e0 <__libc_start_main@plt>
 8048661:	f4                   	hlt    
 8048662:	66 90                	xchg   %ax,%ax
 8048664:	66 90                	xchg   %ax,%ax
 8048666:	66 90                	xchg   %ax,%ax
 8048668:	66 90                	xchg   %ax,%ax
 804866a:	66 90                	xchg   %ax,%ax
 804866c:	66 90                	xchg   %ax,%ax
 804866e:	66 90                	xchg   %ax,%ax

08048670 <__x86.get_pc_thunk.bx>:
 8048670:	8b 1c 24             	mov    (%esp),%ebx
 8048673:	c3                   	ret    
 8048674:	66 90                	xchg   %ax,%ax
 8048676:	66 90                	xchg   %ax,%ax
 8048678:	66 90                	xchg   %ax,%ax
 804867a:	66 90                	xchg   %ax,%ax
 804867c:	66 90                	xchg   %ax,%ax
 804867e:	66 90                	xchg   %ax,%ax

08048680 <deregister_tm_clones>:
 8048680:	b8 3f a0 04 08       	mov    $0x804a03f,%eax
 8048685:	2d 3c a0 04 08       	sub    $0x804a03c,%eax
 804868a:	83 f8 06             	cmp    $0x6,%eax
 804868d:	77 01                	ja     8048690 <deregister_tm_clones+0x10>
 804868f:	c3                   	ret    
 8048690:	b8 00 00 00 00       	mov    $0x0,%eax
 8048695:	85 c0                	test   %eax,%eax
 8048697:	74 f6                	je     804868f <deregister_tm_clones+0xf>
 8048699:	55                   	push   %ebp
 804869a:	89 e5                	mov    %esp,%ebp
 804869c:	83 ec 18             	sub    $0x18,%esp
 804869f:	c7 04 24 3c a0 04 08 	movl   $0x804a03c,(%esp)
 80486a6:	ff d0                	call   *%eax
 80486a8:	c9                   	leave  
 80486a9:	c3                   	ret    
 80486aa:	8d b6 00 00 00 00    	lea    0x0(%esi),%esi

080486b0 <register_tm_clones>:
 80486b0:	b8 3c a0 04 08       	mov    $0x804a03c,%eax
 80486b5:	2d 3c a0 04 08       	sub    $0x804a03c,%eax
 80486ba:	c1 f8 02             	sar    $0x2,%eax
 80486bd:	89 c2                	mov    %eax,%edx
 80486bf:	c1 ea 1f             	shr    $0x1f,%edx
 80486c2:	01 d0                	add    %edx,%eax
 80486c4:	d1 f8                	sar    %eax
 80486c6:	75 01                	jne    80486c9 <register_tm_clones+0x19>
 80486c8:	c3                   	ret    
 80486c9:	ba 00 00 00 00       	mov    $0x0,%edx
 80486ce:	85 d2                	test   %edx,%edx
 80486d0:	74 f6                	je     80486c8 <register_tm_clones+0x18>
 80486d2:	55                   	push   %ebp
 80486d3:	89 e5                	mov    %esp,%ebp
 80486d5:	83 ec 18             	sub    $0x18,%esp
 80486d8:	89 44 24 04          	mov    %eax,0x4(%esp)
 80486dc:	c7 04 24 3c a0 04 08 	movl   $0x804a03c,(%esp)
 80486e3:	ff d2                	call   *%edx
 80486e5:	c9                   	leave  
 80486e6:	c3                   	ret    
 80486e7:	89 f6                	mov    %esi,%esi
 80486e9:	8d bc 27 00 00 00 00 	lea    0x0(%edi,%eiz,1),%edi

080486f0 <__do_global_dtors_aux>:
 80486f0:	80 3d 6c a1 04 08 00 	cmpb   $0x0,0x804a16c
 80486f7:	75 13                	jne    804870c <__do_global_dtors_aux+0x1c>
 80486f9:	55                   	push   %ebp
 80486fa:	89 e5                	mov    %esp,%ebp
 80486fc:	83 ec 08             	sub    $0x8,%esp
 80486ff:	e8 7c ff ff ff       	call   8048680 <deregister_tm_clones>
 8048704:	c6 05 6c a1 04 08 01 	movb   $0x1,0x804a16c
 804870b:	c9                   	leave  
 804870c:	f3 c3                	repz ret 
 804870e:	66 90                	xchg   %ax,%ax

08048710 <frame_dummy>:
 8048710:	a1 08 9f 04 08       	mov    0x8049f08,%eax
 8048715:	85 c0                	test   %eax,%eax
 8048717:	74 1f                	je     8048738 <frame_dummy+0x28>
 8048719:	b8 00 00 00 00       	mov    $0x0,%eax
 804871e:	85 c0                	test   %eax,%eax
 8048720:	74 16                	je     8048738 <frame_dummy+0x28>
 8048722:	55                   	push   %ebp
 8048723:	89 e5                	mov    %esp,%ebp
 8048725:	83 ec 18             	sub    $0x18,%esp
 8048728:	c7 04 24 08 9f 04 08 	movl   $0x8049f08,(%esp)
 804872f:	ff d0                	call   *%eax
 8048731:	c9                   	leave  
 8048732:	e9 79 ff ff ff       	jmp    80486b0 <register_tm_clones>
 8048737:	90                   	nop
 8048738:	e9 73 ff ff ff       	jmp    80486b0 <register_tm_clones>

0804873d <main>:
 804873d:	55                   	push   %ebp
 804873e:	89 e5                	mov    %esp,%ebp
 8048740:	57                   	push   %edi
 8048741:	56                   	push   %esi
 8048742:	53                   	push   %ebx
 8048743:	83 e4 f0             	and    $0xfffffff0,%esp
 8048746:	83 ec 20             	sub    $0x20,%esp
 8048749:	c7 44 24 04 30 89 04 	movl   $0x8048930,0x4(%esp)
 8048750:	08 
 8048751:	c7 04 24 e0 a0 04 08 	movl   $0x804a0e0,(%esp)
 8048758:	e8 a3 fe ff ff       	call   8048600 <_ZStlsISt11char_traitsIcEERSt13basic_ostreamIcT_ES5_PKc@plt>
 804875d:	8d 44 24 18          	lea    0x18(%esp),%eax
 8048761:	89 44 24 04          	mov    %eax,0x4(%esp)
 8048765:	c7 04 24 40 a0 04 08 	movl   $0x804a040,(%esp)
 804876c:	e8 9f fe ff ff       	call   8048610 <_ZNSirsERi@plt>
 8048771:	c7 44 24 04 3f 89 04 	movl   $0x804893f,0x4(%esp)
 8048778:	08 
 8048779:	c7 04 24 e0 a0 04 08 	movl   $0x804a0e0,(%esp)
 8048780:	e8 7b fe ff ff       	call   8048600 <_ZStlsISt11char_traitsIcEERSt13basic_ostreamIcT_ES5_PKc@plt>
 8048785:	8d 44 24 1c          	lea    0x1c(%esp),%eax
 8048789:	89 44 24 04          	mov    %eax,0x4(%esp)
 804878d:	c7 04 24 40 a0 04 08 	movl   $0x804a040,(%esp)
 8048794:	e8 77 fe ff ff       	call   8048610 <_ZNSirsERi@plt>
 8048799:	8b 54 24 1c          	mov    0x1c(%esp),%edx
 804879d:	8b 44 24 18          	mov    0x18(%esp),%eax
 80487a1:	89 54 24 04          	mov    %edx,0x4(%esp)
 80487a5:	89 04 24             	mov    %eax,(%esp)
 80487a8:	e8 e3 00 00 00       	call   8048890 <add>
 80487ad:	89 c3                	mov    %eax,%ebx
 80487af:	8b 74 24 1c          	mov    0x1c(%esp),%esi
 80487b3:	8b 7c 24 18          	mov    0x18(%esp),%edi
 80487b7:	c7 44 24 04 4f 89 04 	movl   $0x804894f,0x4(%esp)
 80487be:	08 
 80487bf:	c7 04 24 e0 a0 04 08 	movl   $0x804a0e0,(%esp)
 80487c6:	e8 35 fe ff ff       	call   8048600 <_ZStlsISt11char_traitsIcEERSt13basic_ostreamIcT_ES5_PKc@plt>
 80487cb:	89 7c 24 04          	mov    %edi,0x4(%esp)
 80487cf:	89 04 24             	mov    %eax,(%esp)
 80487d2:	e8 c9 fd ff ff       	call   80485a0 <_ZNSolsEi@plt>
 80487d7:	c7 44 24 04 58 89 04 	movl   $0x8048958,0x4(%esp)
 80487de:	08 
 80487df:	89 04 24             	mov    %eax,(%esp)
 80487e2:	e8 19 fe ff ff       	call   8048600 <_ZStlsISt11char_traitsIcEERSt13basic_ostreamIcT_ES5_PKc@plt>
 80487e7:	89 74 24 04          	mov    %esi,0x4(%esp)
 80487eb:	89 04 24             	mov    %eax,(%esp)
 80487ee:	e8 ad fd ff ff       	call   80485a0 <_ZNSolsEi@plt>
 80487f3:	c7 44 24 04 5c 89 04 	movl   $0x804895c,0x4(%esp)
 80487fa:	08 
 80487fb:	89 04 24             	mov    %eax,(%esp)
 80487fe:	e8 fd fd ff ff       	call   8048600 <_ZStlsISt11char_traitsIcEERSt13basic_ostreamIcT_ES5_PKc@plt>
 8048803:	89 5c 24 04          	mov    %ebx,0x4(%esp)
 8048807:	89 04 24             	mov    %eax,(%esp)
 804880a:	e8 91 fd ff ff       	call   80485a0 <_ZNSolsEi@plt>
 804880f:	c7 44 24 04 30 86 04 	movl   $0x8048630,0x4(%esp)
 8048816:	08 
 8048817:	89 04 24             	mov    %eax,(%esp)
 804881a:	e8 01 fe ff ff       	call   8048620 <_ZNSolsEPFRSoS_E@plt>
 804881f:	b8 00 00 00 00       	mov    $0x0,%eax
 8048824:	8d 65 f4             	lea    -0xc(%ebp),%esp
 8048827:	5b                   	pop    %ebx
 8048828:	5e                   	pop    %esi
 8048829:	5f                   	pop    %edi
 804882a:	5d                   	pop    %ebp
 804882b:	c3                   	ret    

0804882c <_Z41__static_initialization_and_destruction_0ii>:
 804882c:	55                   	push   %ebp
 804882d:	89 e5                	mov    %esp,%ebp
 804882f:	83 ec 18             	sub    $0x18,%esp
 8048832:	83 7d 08 01          	cmpl   $0x1,0x8(%ebp)
 8048836:	75 31                	jne    8048869 <_Z41__static_initialization_and_destruction_0ii+0x3d>
 8048838:	81 7d 0c ff ff 00 00 	cmpl   $0xffff,0xc(%ebp)
 804883f:	75 28                	jne    8048869 <_Z41__static_initialization_and_destruction_0ii+0x3d>
 8048841:	c7 04 24 6d a1 04 08 	movl   $0x804a16d,(%esp)
 8048848:	e8 83 fd ff ff       	call   80485d0 <_ZNSt8ios_base4InitC1Ev@plt>
 804884d:	c7 44 24 08 38 a0 04 	movl   $0x804a038,0x8(%esp)
 8048854:	08 
 8048855:	c7 44 24 04 6d a1 04 	movl   $0x804a16d,0x4(%esp)
 804885c:	08 
 804885d:	c7 04 24 f0 85 04 08 	movl   $0x80485f0,(%esp)
 8048864:	e8 47 fd ff ff       	call   80485b0 <__cxa_atexit@plt>
 8048869:	c9                   	leave  
 804886a:	c3                   	ret    

0804886b <_GLOBAL__sub_I_main>:
 804886b:	55                   	push   %ebp
 804886c:	89 e5                	mov    %esp,%ebp
 804886e:	83 ec 18             	sub    $0x18,%esp
 8048871:	c7 44 24 04 ff ff 00 	movl   $0xffff,0x4(%esp)
 8048878:	00 
 8048879:	c7 04 24 01 00 00 00 	movl   $0x1,(%esp)
 8048880:	e8 a7 ff ff ff       	call   804882c <_Z41__static_initialization_and_destruction_0ii>
 8048885:	c9                   	leave  
 8048886:	c3                   	ret    
 8048887:	66 90                	xchg   %ax,%ax
 8048889:	66 90                	xchg   %ax,%ax
 804888b:	66 90                	xchg   %ax,%ax
 804888d:	66 90                	xchg   %ax,%ax
 804888f:	90                   	nop

08048890 <add>:
 8048890:	55                   	push   %ebp
 8048891:	89 e5                	mov    %esp,%ebp
 8048893:	56                   	push   %esi
 8048894:	8b 45 0c             	mov    0xc(%ebp),%eax
 8048897:	8b 5d 08             	mov    0x8(%ebp),%ebx
 804889a:	01 d8                	add    %ebx,%eax
 804889c:	5e                   	pop    %esi
 804889d:	5d                   	pop    %ebp
 804889e:	c3                   	ret    
 804889f:	90                   	nop

080488a0 <__libc_csu_init>:
 80488a0:	55                   	push   %ebp
 80488a1:	57                   	push   %edi
 80488a2:	31 ff                	xor    %edi,%edi
 80488a4:	56                   	push   %esi
 80488a5:	53                   	push   %ebx
 80488a6:	e8 c5 fd ff ff       	call   8048670 <__x86.get_pc_thunk.bx>
 80488ab:	81 c3 55 17 00 00    	add    $0x1755,%ebx
 80488b1:	83 ec 1c             	sub    $0x1c,%esp
 80488b4:	8b 6c 24 30          	mov    0x30(%esp),%ebp
 80488b8:	8d b3 04 ff ff ff    	lea    -0xfc(%ebx),%esi
 80488be:	e8 a9 fc ff ff       	call   804856c <_init>
 80488c3:	8d 83 fc fe ff ff    	lea    -0x104(%ebx),%eax
 80488c9:	29 c6                	sub    %eax,%esi
 80488cb:	c1 fe 02             	sar    $0x2,%esi
 80488ce:	85 f6                	test   %esi,%esi
 80488d0:	74 27                	je     80488f9 <__libc_csu_init+0x59>
 80488d2:	8d b6 00 00 00 00    	lea    0x0(%esi),%esi
 80488d8:	8b 44 24 38          	mov    0x38(%esp),%eax
 80488dc:	89 2c 24             	mov    %ebp,(%esp)
 80488df:	89 44 24 08          	mov    %eax,0x8(%esp)
 80488e3:	8b 44 24 34          	mov    0x34(%esp),%eax
 80488e7:	89 44 24 04          	mov    %eax,0x4(%esp)
 80488eb:	ff 94 bb fc fe ff ff 	call   *-0x104(%ebx,%edi,4)
 80488f2:	83 c7 01             	add    $0x1,%edi
 80488f5:	39 f7                	cmp    %esi,%edi
 80488f7:	75 df                	jne    80488d8 <__libc_csu_init+0x38>
 80488f9:	83 c4 1c             	add    $0x1c,%esp
 80488fc:	5b                   	pop    %ebx
 80488fd:	5e                   	pop    %esi
 80488fe:	5f                   	pop    %edi
 80488ff:	5d                   	pop    %ebp
 8048900:	c3                   	ret    
 8048901:	eb 0d                	jmp    8048910 <__libc_csu_fini>
 8048903:	90                   	nop
 8048904:	90                   	nop
 8048905:	90                   	nop
 8048906:	90                   	nop
 8048907:	90                   	nop
 8048908:	90                   	nop
 8048909:	90                   	nop
 804890a:	90                   	nop
 804890b:	90                   	nop
 804890c:	90                   	nop
 804890d:	90                   	nop
 804890e:	90                   	nop
 804890f:	90                   	nop

08048910 <__libc_csu_fini>:
 8048910:	f3 c3                	repz ret 

Disassembly of section .fini:

08048914 <_fini>:
 8048914:	53                   	push   %ebx
 8048915:	83 ec 08             	sub    $0x8,%esp
 8048918:	e8 53 fd ff ff       	call   8048670 <__x86.get_pc_thunk.bx>
 804891d:	81 c3 e3 16 00 00    	add    $0x16e3,%ebx
 8048923:	83 c4 08             	add    $0x8,%esp
 8048926:	5b                   	pop    %ebx
 8048927:	c3                   	ret    
